<?xml version="1.0" encoding="UTF-8"?>
<testng-results ignored="0" total="2" passed="2" failed="0" skipped="0">
  <reporter-output>
  </reporter-output>
  <suite started-at="2024-05-16T15:13:24 IST" name="Suite" finished-at="2024-05-16T15:13:44 IST" duration-ms="20634">
    <groups>
      <group name="regression">
        <method signature="TC_01_AccountRegistrationTest.verifyAccountRegistration()[pri:0, instance:testCases.TC_01_AccountRegistrationTest@5c33f1a9]" name="verifyAccountRegistration" class="testCases.TC_01_AccountRegistrationTest"/>
      </group> <!-- regression -->
      <group name="sanity">
        <method signature="TC_02_LoginTestCase.verify_Login()[pri:0, instance:testCases.TC_02_LoginTestCase@6069db50]" name="verify_Login" class="testCases.TC_02_LoginTestCase"/>
      </group> <!-- sanity -->
      <group name="master">
        <method signature="TC_02_LoginTestCase.verify_Login()[pri:0, instance:testCases.TC_02_LoginTestCase@6069db50]" name="verify_Login" class="testCases.TC_02_LoginTestCase"/>
      </group> <!-- master -->
    </groups>
    <test started-at="2024-05-16T15:13:24 IST" name="Test" finished-at="2024-05-16T15:13:44 IST" duration-ms="20634">
      <class name="testCases.TC_02_LoginTestCase">
        <test-method is-config="true" signature="setup(java.lang.String,java.lang.String)[pri:0, instance:testCases.TC_02_LoginTestCase@6069db50]" started-at="2024-05-16T15:13:37 IST" name="setup" finished-at="2024-05-16T15:13:42 IST" duration-ms="5184" status="PASS">
          <params>
            <param index="0">
              <value>
                <![CDATA[windows]]>
              </value>
            </param>
            <param index="1">
              <value>
                <![CDATA[edge]]>
              </value>
            </param>
          </params>
          <reporter-output>
          </reporter-output>
        </test-method> <!-- setup -->
        <test-method signature="verify_Login()[pri:0, instance:testCases.TC_02_LoginTestCase@6069db50]" started-at="2024-05-16T15:13:42 IST" name="verify_Login" finished-at="2024-05-16T15:13:44 IST" duration-ms="2015" status="PASS">
          <reporter-output>
          </reporter-output>
        </test-method> <!-- verify_Login -->
        <test-method is-config="true" signature="tearDown()[pri:0, instance:testCases.TC_02_LoginTestCase@6069db50]" started-at="2024-05-16T15:13:44 IST" name="tearDown" finished-at="2024-05-16T15:13:44 IST" duration-ms="163" status="PASS">
          <reporter-output>
          </reporter-output>
        </test-method> <!-- tearDown -->
      </class> <!-- testCases.TC_02_LoginTestCase -->
      <class name="testCases.TC_01_AccountRegistrationTest">
        <test-method is-config="true" signature="setup(java.lang.String,java.lang.String)[pri:0, instance:testCases.TC_01_AccountRegistrationTest@5c33f1a9]" started-at="2024-05-16T15:13:24 IST" name="setup" finished-at="2024-05-16T15:13:31 IST" duration-ms="7215" status="PASS">
          <params>
            <param index="0">
              <value>
                <![CDATA[windows]]>
              </value>
            </param>
            <param index="1">
              <value>
                <![CDATA[edge]]>
              </value>
            </param>
          </params>
          <reporter-output>
          </reporter-output>
        </test-method> <!-- setup -->
        <test-method signature="verifyAccountRegistration()[pri:0, instance:testCases.TC_01_AccountRegistrationTest@5c33f1a9]" started-at="2024-05-16T15:13:31 IST" name="verifyAccountRegistration" finished-at="2024-05-16T15:13:37 IST" duration-ms="5386" status="PASS">
          <reporter-output>
          </reporter-output>
        </test-method> <!-- verifyAccountRegistration -->
        <test-method is-config="true" signature="tearDown()[pri:0, instance:testCases.TC_01_AccountRegistrationTest@5c33f1a9]" started-at="2024-05-16T15:13:37 IST" name="tearDown" finished-at="2024-05-16T15:13:37 IST" duration-ms="236" status="PASS">
          <reporter-output>
          </reporter-output>
        </test-method> <!-- tearDown -->
      </class> <!-- testCases.TC_01_AccountRegistrationTest -->
    </test> <!-- Test -->
  </suite> <!-- Suite -->
</testng-results>
